<?xml version="1.0" encoding="UTF-8"?>
<testsuite xmlns:xsi="http://www.w3.org/2001/XMLSchema-instance" xsi:noNamespaceSchemaLocation="https://maven.apache.org/surefire/maven-surefire-plugin/xsd/surefire-test-report.xsd" name="exercises.FullJourneyTest" time="35.195" tests="1" errors="0" skipped="0" failures="0">
  <properties>
    <property name="gopherProxySet" value="false"/>
    <property name="awt.toolkit" value="sun.lwawt.macosx.LWCToolkit"/>
    <property name="java.specification.version" value="11"/>
    <property name="sun.cpu.isalist" value=""/>
    <property name="sun.jnu.encoding" value="UTF-8"/>
    <property name="java.class.path" value="/Users/jamestacker/Documents/sauce-training/saucecon-2019/saucecon19-best-practices-workshop/target/test-classes:/Users/jamestacker/Documents/sauce-training/saucecon-2019/saucecon19-best-practices-workshop/target/classes:/Users/jamestacker/.m2/repository/org/hamcrest/hamcrest-core/1.3/hamcrest-core-1.3.jar:/Users/jamestacker/.m2/repository/org/testng/testng/6.10/testng-6.10.jar:/Users/jamestacker/.m2/repository/com/beust/jcommander/1.48/jcommander-1.48.jar:/Users/jamestacker/.m2/repository/org/seleniumhq/selenium/selenium-java/3.141.59/selenium-java-3.141.59.jar:/Users/jamestacker/.m2/repository/org/seleniumhq/selenium/selenium-api/3.141.59/selenium-api-3.141.59.jar:/Users/jamestacker/.m2/repository/org/seleniumhq/selenium/selenium-chrome-driver/3.141.59/selenium-chrome-driver-3.141.59.jar:/Users/jamestacker/.m2/repository/org/seleniumhq/selenium/selenium-edge-driver/3.141.59/selenium-edge-driver-3.141.59.jar:/Users/jamestacker/.m2/repository/org/seleniumhq/selenium/selenium-firefox-driver/3.141.59/selenium-firefox-driver-3.141.59.jar:/Users/jamestacker/.m2/repository/org/seleniumhq/selenium/selenium-ie-driver/3.141.59/selenium-ie-driver-3.141.59.jar:/Users/jamestacker/.m2/repository/org/seleniumhq/selenium/selenium-opera-driver/3.141.59/selenium-opera-driver-3.141.59.jar:/Users/jamestacker/.m2/repository/org/seleniumhq/selenium/selenium-remote-driver/3.141.59/selenium-remote-driver-3.141.59.jar:/Users/jamestacker/.m2/repository/org/seleniumhq/selenium/selenium-safari-driver/3.141.59/selenium-safari-driver-3.141.59.jar:/Users/jamestacker/.m2/repository/org/seleniumhq/selenium/selenium-support/3.141.59/selenium-support-3.141.59.jar:/Users/jamestacker/.m2/repository/net/bytebuddy/byte-buddy/1.8.15/byte-buddy-1.8.15.jar:/Users/jamestacker/.m2/repository/org/apache/commons/commons-exec/1.3/commons-exec-1.3.jar:/Users/jamestacker/.m2/repository/com/google/guava/guava/25.0-jre/guava-25.0-jre.jar:/Users/jamestacker/.m2/repository/com/google/code/findbugs/jsr305/1.3.9/jsr305-1.3.9.jar:/Users/jamestacker/.m2/repository/org/checkerframework/checker-compat-qual/2.0.0/checker-compat-qual-2.0.0.jar:/Users/jamestacker/.m2/repository/com/google/errorprone/error_prone_annotations/2.1.3/error_prone_annotations-2.1.3.jar:/Users/jamestacker/.m2/repository/com/google/j2objc/j2objc-annotations/1.1/j2objc-annotations-1.1.jar:/Users/jamestacker/.m2/repository/org/codehaus/mojo/animal-sniffer-annotations/1.14/animal-sniffer-annotations-1.14.jar:/Users/jamestacker/.m2/repository/com/squareup/okhttp3/okhttp/3.11.0/okhttp-3.11.0.jar:/Users/jamestacker/.m2/repository/com/squareup/okio/okio/1.14.0/okio-1.14.0.jar:/Users/jamestacker/.m2/repository/commons-lang/commons-lang/2.6/commons-lang-2.6.jar:/Users/jamestacker/.m2/repository/com/saucelabs/sauce_testng/2.1.9/sauce_testng-2.1.9.jar:/Users/jamestacker/.m2/repository/com/saucelabs/sauce_java_common/2.1.9/sauce_java_common-2.1.9.jar:/Users/jamestacker/.m2/repository/com/googlecode/json-simple/json-simple/1.1/json-simple-1.1.jar:/Users/jamestacker/.m2/repository/com/saucelabs/saucerest/1.0.22/saucerest-1.0.22.jar:/Users/jamestacker/.m2/repository/org/apache/httpcomponents/httpclient/4.3.1/httpclient-4.3.1.jar:/Users/jamestacker/.m2/repository/org/apache/httpcomponents/httpcore/4.3/httpcore-4.3.jar:/Users/jamestacker/.m2/repository/commons-logging/commons-logging/1.1.3/commons-logging-1.1.3.jar:/Users/jamestacker/.m2/repository/commons-codec/commons-codec/1.6/commons-codec-1.6.jar:/Users/jamestacker/.m2/repository/org/json/json/20090211/json-20090211.jar:/Users/jamestacker/.m2/repository/com/github/javafaker/javafaker/0.17.2/javafaker-0.17.2.jar:/Users/jamestacker/.m2/repository/org/apache/commons/commons-lang3/3.5/commons-lang3-3.5.jar:/Users/jamestacker/.m2/repository/org/yaml/snakeyaml/1.23/snakeyaml-1.23-android.jar:/Users/jamestacker/.m2/repository/com/github/mifmif/generex/1.0.2/generex-1.0.2.jar:/Users/jamestacker/.m2/repository/dk/brics/automaton/automaton/1.11-8/automaton-1.11-8.jar:"/>
    <property name="java.vm.vendor" value="Oracle Corporation"/>
    <property name="sun.arch.data.model" value="64"/>
    <property name="java.vendor.url" value="http://java.oracle.com/"/>
    <property name="user.timezone" value=""/>
    <property name="java.vm.specification.version" value="11"/>
    <property name="os.name" value="Mac OS X"/>
    <property name="sun.java.launcher" value="SUN_STANDARD"/>
    <property name="user.country" value="US"/>
    <property name="sun.boot.library.path" value="/Library/Java/JavaVirtualMachines/jdk-11.0.2.jdk/Contents/Home/lib"/>
    <property name="sun.java.command" value="/Users/jamestacker/Documents/sauce-training/saucecon-2019/saucecon19-best-practices-workshop/target/surefire/surefirebooter1365518277271097065.jar /Users/jamestacker/Documents/sauce-training/saucecon-2019/saucecon19-best-practices-workshop/target/surefire 2019-04-23T15-27-43_191-jvmRun1 surefire13772384568803921924tmp surefire_04679576805970272959tmp"/>
    <property name="http.nonProxyHosts" value="local|*.local|169.254/16|*.169.254/16"/>
    <property name="jdk.debug" value="release"/>
    <property name="surefire.test.class.path" value="/Users/jamestacker/Documents/sauce-training/saucecon-2019/saucecon19-best-practices-workshop/target/test-classes:/Users/jamestacker/Documents/sauce-training/saucecon-2019/saucecon19-best-practices-workshop/target/classes:/Users/jamestacker/.m2/repository/org/hamcrest/hamcrest-core/1.3/hamcrest-core-1.3.jar:/Users/jamestacker/.m2/repository/org/testng/testng/6.10/testng-6.10.jar:/Users/jamestacker/.m2/repository/com/beust/jcommander/1.48/jcommander-1.48.jar:/Users/jamestacker/.m2/repository/org/seleniumhq/selenium/selenium-java/3.141.59/selenium-java-3.141.59.jar:/Users/jamestacker/.m2/repository/org/seleniumhq/selenium/selenium-api/3.141.59/selenium-api-3.141.59.jar:/Users/jamestacker/.m2/repository/org/seleniumhq/selenium/selenium-chrome-driver/3.141.59/selenium-chrome-driver-3.141.59.jar:/Users/jamestacker/.m2/repository/org/seleniumhq/selenium/selenium-edge-driver/3.141.59/selenium-edge-driver-3.141.59.jar:/Users/jamestacker/.m2/repository/org/seleniumhq/selenium/selenium-firefox-driver/3.141.59/selenium-firefox-driver-3.141.59.jar:/Users/jamestacker/.m2/repository/org/seleniumhq/selenium/selenium-ie-driver/3.141.59/selenium-ie-driver-3.141.59.jar:/Users/jamestacker/.m2/repository/org/seleniumhq/selenium/selenium-opera-driver/3.141.59/selenium-opera-driver-3.141.59.jar:/Users/jamestacker/.m2/repository/org/seleniumhq/selenium/selenium-remote-driver/3.141.59/selenium-remote-driver-3.141.59.jar:/Users/jamestacker/.m2/repository/org/seleniumhq/selenium/selenium-safari-driver/3.141.59/selenium-safari-driver-3.141.59.jar:/Users/jamestacker/.m2/repository/org/seleniumhq/selenium/selenium-support/3.141.59/selenium-support-3.141.59.jar:/Users/jamestacker/.m2/repository/net/bytebuddy/byte-buddy/1.8.15/byte-buddy-1.8.15.jar:/Users/jamestacker/.m2/repository/org/apache/commons/commons-exec/1.3/commons-exec-1.3.jar:/Users/jamestacker/.m2/repository/com/google/guava/guava/25.0-jre/guava-25.0-jre.jar:/Users/jamestacker/.m2/repository/com/google/code/findbugs/jsr305/1.3.9/jsr305-1.3.9.jar:/Users/jamestacker/.m2/repository/org/checkerframework/checker-compat-qual/2.0.0/checker-compat-qual-2.0.0.jar:/Users/jamestacker/.m2/repository/com/google/errorprone/error_prone_annotations/2.1.3/error_prone_annotations-2.1.3.jar:/Users/jamestacker/.m2/repository/com/google/j2objc/j2objc-annotations/1.1/j2objc-annotations-1.1.jar:/Users/jamestacker/.m2/repository/org/codehaus/mojo/animal-sniffer-annotations/1.14/animal-sniffer-annotations-1.14.jar:/Users/jamestacker/.m2/repository/com/squareup/okhttp3/okhttp/3.11.0/okhttp-3.11.0.jar:/Users/jamestacker/.m2/repository/com/squareup/okio/okio/1.14.0/okio-1.14.0.jar:/Users/jamestacker/.m2/repository/commons-lang/commons-lang/2.6/commons-lang-2.6.jar:/Users/jamestacker/.m2/repository/com/saucelabs/sauce_testng/2.1.9/sauce_testng-2.1.9.jar:/Users/jamestacker/.m2/repository/com/saucelabs/sauce_java_common/2.1.9/sauce_java_common-2.1.9.jar:/Users/jamestacker/.m2/repository/com/googlecode/json-simple/json-simple/1.1/json-simple-1.1.jar:/Users/jamestacker/.m2/repository/com/saucelabs/saucerest/1.0.22/saucerest-1.0.22.jar:/Users/jamestacker/.m2/repository/org/apache/httpcomponents/httpclient/4.3.1/httpclient-4.3.1.jar:/Users/jamestacker/.m2/repository/org/apache/httpcomponents/httpcore/4.3/httpcore-4.3.jar:/Users/jamestacker/.m2/repository/commons-logging/commons-logging/1.1.3/commons-logging-1.1.3.jar:/Users/jamestacker/.m2/repository/commons-codec/commons-codec/1.6/commons-codec-1.6.jar:/Users/jamestacker/.m2/repository/org/json/json/20090211/json-20090211.jar:/Users/jamestacker/.m2/repository/com/github/javafaker/javafaker/0.17.2/javafaker-0.17.2.jar:/Users/jamestacker/.m2/repository/org/apache/commons/commons-lang3/3.5/commons-lang3-3.5.jar:/Users/jamestacker/.m2/repository/org/yaml/snakeyaml/1.23/snakeyaml-1.23-android.jar:/Users/jamestacker/.m2/repository/com/github/mifmif/generex/1.0.2/generex-1.0.2.jar:/Users/jamestacker/.m2/repository/dk/brics/automaton/automaton/1.11-8/automaton-1.11-8.jar:"/>
    <property name="sun.cpu.endian" value="little"/>
    <property name="user.home" value="/Users/jamestacker"/>
    <property name="user.language" value="en"/>
    <property name="java.specification.vendor" value="Oracle Corporation"/>
    <property name="java.version.date" value="2019-01-15"/>
    <property name="java.home" value="/Library/Java/JavaVirtualMachines/jdk-11.0.2.jdk/Contents/Home"/>
    <property name="file.separator" value="/"/>
    <property name="basedir" value="/Users/jamestacker/Documents/sauce-training/saucecon-2019/saucecon19-best-practices-workshop"/>
    <property name="java.vm.compressedOopsMode" value="Zero based"/>
    <property name="line.separator" value="&#10;"/>
    <property name="java.specification.name" value="Java Platform API Specification"/>
    <property name="java.vm.specification.vendor" value="Oracle Corporation"/>
    <property name="java.awt.graphicsenv" value="sun.awt.CGraphicsEnvironment"/>
    <property name="surefire.real.class.path" value="/Users/jamestacker/Documents/sauce-training/saucecon-2019/saucecon19-best-practices-workshop/target/surefire/surefirebooter1365518277271097065.jar"/>
    <property name="sun.management.compiler" value="HotSpot 64-Bit Tiered Compilers"/>
    <property name="ftp.nonProxyHosts" value="local|*.local|169.254/16|*.169.254/16"/>
    <property name="java.runtime.version" value="11.0.2+9-LTS"/>
    <property name="user.name" value="jamestacker"/>
    <property name="path.separator" value=":"/>
    <property name="os.version" value="10.13.6"/>
    <property name="java.runtime.name" value="Java(TM) SE Runtime Environment"/>
    <property name="file.encoding" value="UTF-8"/>
    <property name="java.vm.name" value="Java HotSpot(TM) 64-Bit Server VM"/>
    <property name="java.vendor.version" value="18.9"/>
    <property name="localRepository" value="/Users/jamestacker/.m2/repository"/>
    <property name="java.vendor.url.bug" value="http://bugreport.java.com/bugreport/"/>
    <property name="java.io.tmpdir" value="/var/folders/d3/3_dg7pzx1wqbc74ggtnrzh_80000gq/T/"/>
    <property name="java.version" value="11.0.2"/>
    <property name="user.dir" value="/Users/jamestacker/Documents/sauce-training/saucecon-2019/saucecon19-best-practices-workshop"/>
    <property name="os.arch" value="x86_64"/>
    <property name="java.vm.specification.name" value="Java Virtual Machine Specification"/>
    <property name="java.awt.printerjob" value="sun.lwawt.macosx.CPrinterJob"/>
    <property name="sun.os.patch.level" value="unknown"/>
    <property name="java.library.path" value="/Users/jamestacker/Library/Java/Extensions:/Library/Java/Extensions:/Network/Library/Java/Extensions:/System/Library/Java/Extensions:/usr/lib/java:."/>
    <property name="java.vendor" value="Oracle Corporation"/>
    <property name="java.vm.info" value="mixed mode"/>
    <property name="java.vm.version" value="11.0.2+9-LTS"/>
    <property name="sun.io.unicode.encoding" value="UnicodeBig"/>
    <property name="java.class.version" value="55.0"/>
    <property name="socksNonProxyHosts" value="local|*.local|169.254/16|*.169.254/16"/>
  </properties>
  <testcase name="fullCustomerJourney" classname="exercises.FullJourneyTest" time="35"/>
</testsuite>