<?xml version="1.0" encoding="UTF-8"?>
<!-- Generated by org.testng.reporters.JUnitReportReporter -->
<testsuite ignored="0" hostname="SL-1140" failures="0" tests="1" name="exercises.FullJourneyTest" time="35.000" errors="0" timestamp="23 Apr 2019 20:28:18 GMT" skipped="0">
  <testcase classname="exercises.FullJourneyTest" name="fullCustomerJourney" time="35.000"/>
</testsuite> <!-- exercises.FullJourneyTest -->
